<?xml version="1.0" encoding="UTF-8"?>
<testng-results ignored="0" total="1" passed="1" failed="0" skipped="0">
  <reporter-output>
  </reporter-output>
  <suite started-at="2021-12-31T14:52:13 IST" name="Default suite" finished-at="2021-12-31T14:52:14 IST" duration-ms="60">
    <groups>
    </groups>
    <test started-at="2021-12-31T14:52:13 IST" name="Default test" finished-at="2021-12-31T14:52:14 IST" duration-ms="60">
      <class name="PracticeTest.testScriptTest">
        <test-method signature="printLn()[pri:0, instance:PracticeTest.testScriptTest@140c9f39]" started-at="2021-12-31T14:52:14 IST" name="printLn" finished-at="2021-12-31T14:52:14 IST" duration-ms="10" status="PASS">
          <reporter-output>
          </reporter-output>
        </test-method> <!-- printLn -->
      </class> <!-- PracticeTest.testScriptTest -->
    </test> <!-- Default test -->
  </suite> <!-- Default suite -->
</testng-results>
