<?xml version="1.0" encoding="UTF-8"?>
<!-- Generated by org.testng.reporters.JUnitXMLReporter -->
<testsuite hostname="DESKTOP-BP7NV3R" ignored="8" name="Test" tests="4" failures="0" timestamp="2021-12-30T23:49:29 IST" time="0.09" errors="0">
  <testcase name="regrassion" time="0.009" classname="PracticeTest.tc3Test"/>
  <testcase name="regrassion" time="0.02" classname="PracticeTest.tc1"/>
  <testcase name="regrassion" time="0.002" classname="PracticeTest.tc2Test"/>
  <testcase name="regrassion" time="0.003" classname="PracticeTest.tc4Test"/>
  <testcase name="smoke" time="0.0" classname="PracticeTest.tc2Test">
    <ignored/>
  </testcase> <!-- smoke -->
  <testcase name="smoke" time="0.0" classname="PracticeTest.tc3Test">
    <ignored/>
  </testcase> <!-- smoke -->
  <testcase name="testc1" time="0.0" classname="PracticeTest.tc1">
    <ignored/>
  </testcase> <!-- testc1 -->
  <testcase name="smoke" time="0.0" classname="PracticeTest.tc4Test">
    <ignored/>
  </testcase> <!-- smoke -->
  <testcase name="tc1" time="0.0" classname="PracticeTest.tc2Test">
    <ignored/>
  </testcase> <!-- tc1 -->
  <testcase name="smoke" time="0.0" classname="PracticeTest.tc1">
    <ignored/>
  </testcase> <!-- smoke -->
  <testcase name="tc1" time="0.0" classname="PracticeTest.tc4Test">
    <ignored/>
  </testcase> <!-- tc1 -->
  <testcase name="tc1" time="0.0" classname="PracticeTest.tc3Test">
    <ignored/>
  </testcase> <!-- tc1 -->
</testsuite> <!-- Test -->
